<?xml version="1.0" encoding="UTF-8"?>
<testng-results ignored="0" total="1" passed="1" failed="0" skipped="0">
  <reporter-output>
  </reporter-output>
  <suite started-at="2021-11-22T20:48:51 IST" name="Default suite" finished-at="2021-11-22T20:48:52 IST" duration-ms="60">
    <groups>
    </groups>
    <test started-at="2021-11-22T20:48:51 IST" name="Default test" finished-at="2021-11-22T20:48:52 IST" duration-ms="60">
      <class name="com.rediff.Tests">
        <test-method is-config="true" signature="beforeMethod()[pri:0, instance:com.rediff.Tests@306f16f3]" started-at="2021-11-22T20:48:51 IST" name="beforeMethod" finished-at="2021-11-22T20:48:51 IST" duration-ms="6" status="PASS">
          <reporter-output>
          </reporter-output>
        </test-method> <!-- beforeMethod -->
        <test-method signature="test()[pri:0, instance:com.rediff.Tests@306f16f3]" started-at="2021-11-22T20:48:52 IST" name="test" finished-at="2021-11-22T20:48:52 IST" duration-ms="7" status="PASS">
          <reporter-output>
          </reporter-output>
        </test-method> <!-- test -->
        <test-method is-config="true" signature="afterMethod()[pri:0, instance:com.rediff.Tests@306f16f3]" started-at="2021-11-22T20:48:52 IST" name="afterMethod" finished-at="2021-11-22T20:48:52 IST" duration-ms="0" status="PASS">
          <reporter-output>
          </reporter-output>
        </test-method> <!-- afterMethod -->
      </class> <!-- com.rediff.Tests -->
    </test> <!-- Default test -->
  </suite> <!-- Default suite -->
</testng-results>
