<?xml version="1.0" encoding="UTF-8"?>
<!-- Generated by org.testng.reporters.JUnitXMLReporter -->
<testsuite ignored="0" hostname="CSCO-W-PF2S3T6E" failures="0" tests="4" name="Default test" time="8.074" errors="0" timestamp="2022-07-20T12:41:52 IST">
  <testcase classname="com.testng.ClassA" name="TestA" time="2.01"/>
  <testcase classname="com.testng.ClassA" name="TestB" time="2.01"/>
  <testcase classname="com.testng.ClassA" name="TestC" time="2.005"/>
  <testcase classname="com.testng.ClassA" name="TestD" time="2.004"/>
</testsuite> <!-- Default test -->
