<?xml version="1.0" encoding="UTF-8"?>
<testng-results ignored="0" total="1" passed="1" failed="0" skipped="0">
  <reporter-output>
  </reporter-output>
  <suite started-at="2022-07-21T12:45:39 IST" name="Suite" finished-at="2022-07-21T12:45:39 IST" duration-ms="61">
    <groups>
    </groups>
    <test started-at="2022-07-21T12:45:39 IST" name="Test" finished-at="2022-07-21T12:45:39 IST" duration-ms="61">
      <class name="ant.testng.AntClass">
        <test-method signature="Test()[pri:0, instance:ant.testng.AntClass@53aad5d5]" started-at="2022-07-21T12:45:39 IST" name="Test" finished-at="2022-07-21T12:45:39 IST" duration-ms="11" status="PASS">
          <reporter-output>
          </reporter-output>
        </test-method> <!-- Test -->
      </class> <!-- ant.testng.AntClass -->
    </test> <!-- Test -->
  </suite> <!-- Suite -->
</testng-results>
