<?xml version="1.0" encoding="UTF-8"?>
<!-- Generated by org.testng.reporters.JUnitXMLReporter -->
<testsuite ignored="0" hostname="CSCO-W-PF2S3T6E" failures="0" tests="8" name="TestClasses" time="4.053" errors="0" timestamp="2022-07-20T14:40:37 IST">
  <testcase classname="com.testng.ClassA" name="TestC" time="2.009"/>
  <testcase classname="com.testng.ClassA" name="TestA" time="2.007"/>
  <testcase classname="com.testng.ClassB" name="TestA" time="0.002"/>
  <testcase classname="com.testng.ClassB" name="TestB" time="0.001"/>
  <testcase classname="com.testng.ClassB" name="TestC" time="0.001"/>
  <testcase classname="com.testng.ClassA" name="TestB" time="2.023"/>
  <testcase classname="com.testng.ClassB" name="TestD" time="0.001"/>
  <testcase classname="com.testng.ClassA" name="TestD" time="2.002"/>
</testsuite> <!-- TestClasses -->
