<?xml version="1.0" encoding="UTF-8"?>
<testng-results ignored="0" total="1" passed="1" failed="0" skipped="0">
  <reporter-output>
  </reporter-output>
  <suite started-at="2021-12-14T13:14:33 IST" name="Suite" finished-at="2021-12-14T13:14:33 IST" duration-ms="298">
    <groups>
      <group name="cucumber">
        <method signature="AbstractTestNGCucumberTests.runScenario(io.cucumber.testng.PickleWrapper,io.cucumber.testng.FeatureWrapper)[pri:0, instance:testng.RunCucumberTest@273e7444]" name="runScenario" class="io.cucumber.testng.AbstractTestNGCucumberTests"/>
      </group> <!-- cucumber -->
    </groups>
    <test started-at="2021-12-14T13:14:33 IST" name="Test" finished-at="2021-12-14T13:14:33 IST" duration-ms="298">
      <class name="testng.RunCucumberTest">
        <test-method is-config="true" signature="setUpClass(org.testng.ITestContext)[pri:0, instance:testng.RunCucumberTest@273e7444]" started-at="2021-12-14T13:14:33 IST" name="setUpClass" finished-at="2021-12-14T13:14:33 IST" duration-ms="185" status="PASS">
          <params>
            <param index="0">
              <value>
                <![CDATA[org.testng.TestRunner@158a3b2e]]>
              </value>
            </param>
          </params>
          <reporter-output>
          </reporter-output>
        </test-method> <!-- setUpClass -->
        <test-method signature="runScenario(io.cucumber.testng.PickleWrapper,io.cucumber.testng.FeatureWrapper)[pri:0, instance:testng.RunCucumberTest@273e7444]" started-at="2021-12-14T13:14:33 IST" name="runScenario" description="Runs Cucumber Scenarios" data-provider="scenarios" finished-at="2021-12-14T13:14:33 IST" duration-ms="74" status="PASS">
          <params>
            <param index="0">
              <value>
                <![CDATA["Title of your scenario"]]>
              </value>
            </param>
            <param index="1">
              <value>
                <![CDATA["Optional[Title of your feature]"]]>
              </value>
            </param>
          </params>
          <reporter-output>
          </reporter-output>
        </test-method> <!-- runScenario -->
        <test-method is-config="true" signature="tearDownClass()[pri:0, instance:testng.RunCucumberTest@273e7444]" started-at="2021-12-14T13:14:33 IST" name="tearDownClass" finished-at="2021-12-14T13:14:33 IST" duration-ms="9" status="PASS">
          <reporter-output>
          </reporter-output>
        </test-method> <!-- tearDownClass -->
      </class> <!-- testng.RunCucumberTest -->
    </test> <!-- Test -->
  </suite> <!-- Suite -->
</testng-results>
