<?xml version="1.0" encoding="UTF-8"?>
<!-- Generated by org.testng.reporters.JUnitXMLReporter -->
<testsuite ignored="0" hostname="CSCO-W-PF2S3T6E" failures="0" tests="3" name="Test" time="0.483" errors="0" timestamp="2021-11-27T18:19:13 IST">
  <testcase classname="com.extent.TestReport" name="testFail" time="0.008"/>
  <testcase classname="com.extent.TestReport" name="testPass" time="0.001"/>
  <testcase classname="com.extent.TestReport" name="testSkip" time="0.001"/>
</testsuite> <!-- Test -->
